#
# There is insufficient memory for the Java Runtime Environment to continue.
# Native memory allocation (malloc) failed to allocate 920576 bytes for Chunk::new
# Possible reasons:
#   The system is out of physical RAM or swap space
#   The process is running with CompressedOops enabled, and the Java Heap may be blocking the growth of the native heap
# Possible solutions:
#   Reduce memory load on the system
#   Increase physical memory or swap space
#   Check if swap backing store is full
#   Decrease Java heap size (-Xmx/-Xms)
#   Decrease number of Java threads
#   Decrease Java thread stack sizes (-Xss)
#   Set larger code cache with -XX:ReservedCodeCacheSize=
#   JVM is running with Zero Based Compressed Oops mode in which the Java heap is
#     placed in the first 32GB address space. The Java Heap base address is the
#     maximum limit for the native heap growth. Please use -XX:HeapBaseMinAddress
#     to set the Java Heap base and to place the Java Heap above 32GB virtual address.
# This output file may be truncated or incomplete.
#
#  Out of Memory Error (./src/hotspot/share/memory/arena.cpp:197), pid=10256, tid=33128
#
# JRE version: OpenJDK Runtime Environment AdoptOpenJDK-11.0.11+9 (11.0.11+9) (build 11.0.11+9)
# Java VM: OpenJDK 64-Bit Server VM AdoptOpenJDK-11.0.11+9 (11.0.11+9, mixed mode, tiered, compressed oops, g1 gc, windows-amd64)
# No core dump will be written. Minidumps are not enabled by default on client versions of Windows
#

---------------  S U M M A R Y ------------

Command Line: -agentlib:jdwp=transport=dt_socket,server=n,suspend=y,address=localhost:52467 com.cesco.api.cesnetapi.ScheduleApplication

Host: 11th Gen Intel(R) Core(TM) i7-11700 @ 2.50GHz, 16 cores, 31G,  Windows 10 , 64 bit Build 19041 (10.0.19041.2251)
Time: Thu Dec  1 09:14:29 2022 대한민국 표준시 elapsed time: 3.465963 seconds (0d 0h 0m 3s)

---------------  T H R E A D  ---------------

Current thread (0x00000218fcacd800):  JavaThread "C2 CompilerThread2" daemon [_thread_in_native, id=33128, stack(0x000000d6f4700000,0x000000d6f4800000)]


Current CompileTask:
C2:   3466 3979       4       org.springframework.boot.context.properties.source.SpringConfigurationPropertySources$SourcesIterator::fetchNext (138 bytes)

Stack: [0x000000d6f4700000,0x000000d6f4800000]
Native frames: (J=compiled Java code, j=interpreted, Vv=VM code, C=native code)
V  [jvm.dll+0x5f7e5a]
V  [jvm.dll+0x77ff2e]
V  [jvm.dll+0x7815ff]
V  [jvm.dll+0x781cc3]
V  [jvm.dll+0x247408]
V  [jvm.dll+0xbe69c]
V  [jvm.dll+0xbed9c]
V  [jvm.dll+0x2b6664]
V  [jvm.dll+0x509569]
V  [jvm.dll+0x20283b]
V  [jvm.dll+0x1ffe4f]
V  [jvm.dll+0x184f1c]
V  [jvm.dll+0x20f3e7]
V  [jvm.dll+0x20d5cb]
V  [jvm.dll+0x7442f9]
V  [jvm.dll+0x73d364]
V  [jvm.dll+0x5f6cd6]
C  [ucrtbase.dll+0x21bb2]
C  [KERNEL32.DLL+0x174b4]
C  [ntdll.dll+0x526a1]


---------------  P R O C E S S  ---------------

Threads class SMR info:
_java_thread_list=0x0000021893670760, length=20, elements={
0x00000218dddf6000, 0x00000218fc831000, 0x00000218fc83c000, 0x00000218fc8a9800,
0x00000218fc8ae000, 0x00000218fc8b1000, 0x00000218fc8bc800, 0x00000218fc8c4800,
0x00000218fc8c6000, 0x00000218fc973000, 0x00000218fcaae000, 0x00000218fcac9000,
0x00000218fcead800, 0x00000218fcacd800, 0x00000218fd50b800, 0x00000218fd50c000,
0x000002189036e800, 0x0000021891458800, 0x0000021891ecf800, 0x0000021892620800
}

Java Threads: ( => current thread )
  0x00000218dddf6000 JavaThread "main" [_thread_in_Java, id=3504, stack(0x000000d6f3300000,0x000000d6f3400000)]
  0x00000218fc831000 JavaThread "Reference Handler" daemon [_thread_blocked, id=36308, stack(0x000000d6f3a00000,0x000000d6f3b00000)]
  0x00000218fc83c000 JavaThread "Finalizer" daemon [_thread_blocked, id=35760, stack(0x000000d6f3b00000,0x000000d6f3c00000)]
  0x00000218fc8a9800 JavaThread "Signal Dispatcher" daemon [_thread_blocked, id=15676, stack(0x000000d6f3c00000,0x000000d6f3d00000)]
  0x00000218fc8ae000 JavaThread "Attach Listener" daemon [_thread_blocked, id=33168, stack(0x000000d6f3d00000,0x000000d6f3e00000)]
  0x00000218fc8b1000 JavaThread "Service Thread" daemon [_thread_blocked, id=22268, stack(0x000000d6f3e00000,0x000000d6f3f00000)]
  0x00000218fc8bc800 JavaThread "C2 CompilerThread0" daemon [_thread_in_native, id=31048, stack(0x000000d6f3f00000,0x000000d6f4000000)]
  0x00000218fc8c4800 JavaThread "C1 CompilerThread0" daemon [_thread_blocked, id=23944, stack(0x000000d6f4000000,0x000000d6f4100000)]
  0x00000218fc8c6000 JavaThread "Sweeper thread" daemon [_thread_blocked, id=5024, stack(0x000000d6f4100000,0x000000d6f4200000)]
  0x00000218fc973000 JavaThread "C1 CompilerThread1" daemon [_thread_blocked, id=35536, stack(0x000000d6f4200000,0x000000d6f4300000)]
  0x00000218fcaae000 JavaThread "JDWP Event Helper Thread" daemon [_thread_blocked, id=34048, stack(0x000000d6f4400000,0x000000d6f4500000)]
  0x00000218fcac9000 JavaThread "Common-Cleaner" daemon [_thread_blocked, id=30116, stack(0x000000d6f4500000,0x000000d6f4600000)]
  0x00000218fcead800 JavaThread "C2 CompilerThread1" daemon [_thread_in_native, id=30268, stack(0x000000d6f4600000,0x000000d6f4700000)]
=>0x00000218fcacd800 JavaThread "C2 CompilerThread2" daemon [_thread_in_native, id=33128, stack(0x000000d6f4700000,0x000000d6f4800000)]
  0x00000218fd50b800 JavaThread "C1 CompilerThread2" daemon [_thread_blocked, id=36792, stack(0x000000d6f4800000,0x000000d6f4900000)]
  0x00000218fd50c000 JavaThread "C1 CompilerThread3" daemon [_thread_blocked, id=28536, stack(0x000000d6f4900000,0x000000d6f4a00000)]
  0x000002189036e800 JavaThread "C2 CompilerThread3" daemon [_thread_in_native, id=25388, stack(0x000000d6f5700000,0x000000d6f5800000)]
  0x0000021891458800 JavaThread "Catalina-utility-1" [_thread_blocked, id=11104, stack(0x000000d6f5800000,0x000000d6f5900000)]
  0x0000021891ecf800 JavaThread "Catalina-utility-2" [_thread_blocked, id=27928, stack(0x000000d6f5900000,0x000000d6f5a00000)]
  0x0000021892620800 JavaThread "container-0" [_thread_blocked, id=14076, stack(0x000000d6f5a00000,0x000000d6f5b00000)]

Other Threads:
  0x00000218fc80c000 VMThread "VM Thread" [stack: 0x000000d6f3900000,0x000000d6f3a00000] [id=27204]
  0x00000218fcab0800 WatcherThread [stack: 0x000000d6f4300000,0x000000d6f4400000] [id=28528]
  0x00000218dde0d800 GCTaskThread "GC Thread#0" [stack: 0x000000d6f3400000,0x000000d6f3500000] [id=4960]
  0x00000218fde07000 GCTaskThread "GC Thread#1" [stack: 0x000000d6f4a00000,0x000000d6f4b00000] [id=9780]
  0x00000218fdc5f000 GCTaskThread "GC Thread#2" [stack: 0x000000d6f4b00000,0x000000d6f4c00000] [id=32276]
  0x00000218fd527800 GCTaskThread "GC Thread#3" [stack: 0x000000d6f4c00000,0x000000d6f4d00000] [id=34928]
  0x00000218fd528800 GCTaskThread "GC Thread#4" [stack: 0x000000d6f4d00000,0x000000d6f4e00000] [id=20676]
  0x00000218fd529000 GCTaskThread "GC Thread#5" [stack: 0x000000d6f4e00000,0x000000d6f4f00000] [id=26236]
  0x00000218fdc4d800 GCTaskThread "GC Thread#6" [stack: 0x000000d6f4f00000,0x000000d6f5000000] [id=29936]
  0x00000218fdc4e800 GCTaskThread "GC Thread#7" [stack: 0x000000d6f5000000,0x000000d6f5100000] [id=34804]
  0x00000218fdc4f000 GCTaskThread "GC Thread#8" [stack: 0x000000d6f5100000,0x000000d6f5200000] [id=24228]
  0x00000218fddeb800 GCTaskThread "GC Thread#9" [stack: 0x000000d6f5200000,0x000000d6f5300000] [id=33932]
  0x00000218fddec000 GCTaskThread "GC Thread#10" [stack: 0x000000d6f5300000,0x000000d6f5400000] [id=36652]
  0x00000218fdded000 GCTaskThread "GC Thread#11" [stack: 0x000000d6f5400000,0x000000d6f5500000] [id=2404]
  0x00000218dde90000 ConcurrentGCThread "G1 Main Marker" [stack: 0x000000d6f3500000,0x000000d6f3600000] [id=36392]
  0x00000218dde93800 ConcurrentGCThread "G1 Conc#0" [stack: 0x000000d6f3600000,0x000000d6f3700000] [id=36860]
  0x00000218fe228800 ConcurrentGCThread "G1 Conc#1" [stack: 0x000000d6f5500000,0x000000d6f5600000] [id=28892]
  0x00000218fe229000 ConcurrentGCThread "G1 Conc#2" [stack: 0x000000d6f5600000,0x000000d6f5700000] [id=1896]
  0x00000218fb2a3800 ConcurrentGCThread "G1 Refine#0" [stack: 0x000000d6f3700000,0x000000d6f3800000] [id=18700]
  0x00000218fb2a5800 ConcurrentGCThread "G1 Young RemSet Sampling" [stack: 0x000000d6f3800000,0x000000d6f3900000] [id=23924]

Threads with active compile tasks:
C2 CompilerThread0   3492 3978       4       org.springframework.core.annotation.TypeMappedAnnotations$MergedAnnotationFinder::doWithAnnotations (75 bytes)
C2 CompilerThread1   3492 3977       4       org.springframework.core.annotation.TypeMappedAnnotations$MergedAnnotationFinder::doWithAnnotations (10 bytes)
C2 CompilerThread2   3492 3979       4       org.springframework.boot.context.properties.source.SpringConfigurationPropertySources$SourcesIterator::fetchNext (138 bytes)
C2 CompilerThread3   3492 4024       4       java.math.BigInteger::destructiveMulAdd (150 bytes)

VM state:not at safepoint (normal execution)

VM Mutex/Monitor currently owned by a thread: None

Heap address: 0x0000000603a00000, size: 8134 MB, Compressed Oops mode: Zero based, Oop shift amount: 3
Narrow klass base: 0x0000000800000000, Narrow klass shift: 0
Compressed class space size: 1073741824 Address: 0x0000000800000000

Heap:
 garbage-first heap   total 522240K, used 56836K [0x0000000603a00000, 0x0000000800000000)
  region size 2048K, 27 young (55296K), 4 survivors (8192K)
 Metaspace       used 41441K, capacity 42517K, committed 42672K, reserved 1087488K
  class space    used 4918K, capacity 5345K, committed 5376K, reserved 1048576K
Heap Regions: E=young(eden), S=young(survivor), O=old, HS=humongous(starts), HC=humongous(continues), CS=collection set, F=free, A=archive, TAMS=top-at-mark-start (previous, next)
|   0|0x0000000603a00000, 0x0000000603c00000, 0x0000000603c00000|100%| O|  |TAMS 0x0000000603c00000, 0x0000000603a00000| Untracked 
|   1|0x0000000603c00000, 0x0000000603e00000, 0x0000000603e00000|100%| O|  |TAMS 0x0000000603e00000, 0x0000000603c00000| Untracked 
|   2|0x0000000603e00000, 0x0000000603f13e00, 0x0000000604000000| 53%| O|  |TAMS 0x0000000603f13e00, 0x0000000603e00000| Untracked 
|   3|0x0000000604000000, 0x0000000604000000, 0x0000000604200000|  0%| F|  |TAMS 0x0000000604000000, 0x0000000604000000| Untracked 
|   4|0x0000000604200000, 0x0000000604200000, 0x0000000604400000|  0%| F|  |TAMS 0x0000000604200000, 0x0000000604200000| Untracked 
|   5|0x0000000604400000, 0x0000000604400000, 0x0000000604600000|  0%| F|  |TAMS 0x0000000604400000, 0x0000000604400000| Untracked 
|   6|0x0000000604600000, 0x0000000604600000, 0x0000000604800000|  0%| F|  |TAMS 0x0000000604600000, 0x0000000604600000| Untracked 
|   7|0x0000000604800000, 0x0000000604800000, 0x0000000604a00000|  0%| F|  |TAMS 0x0000000604800000, 0x0000000604800000| Untracked 
|   8|0x0000000604a00000, 0x0000000604a00000, 0x0000000604c00000|  0%| F|  |TAMS 0x0000000604a00000, 0x0000000604a00000| Untracked 
|   9|0x0000000604c00000, 0x0000000604c00000, 0x0000000604e00000|  0%| F|  |TAMS 0x0000000604c00000, 0x0000000604c00000| Untracked 
|  10|0x0000000604e00000, 0x0000000604e00000, 0x0000000605000000|  0%| F|  |TAMS 0x0000000604e00000, 0x0000000604e00000| Untracked 
|  11|0x0000000605000000, 0x0000000605000000, 0x0000000605200000|  0%| F|  |TAMS 0x0000000605000000, 0x0000000605000000| Untracked 
|  12|0x0000000605200000, 0x0000000605200000, 0x0000000605400000|  0%| F|  |TAMS 0x0000000605200000, 0x0000000605200000| Untracked 
|  13|0x0000000605400000, 0x0000000605400000, 0x0000000605600000|  0%| F|  |TAMS 0x0000000605400000, 0x0000000605400000| Untracked 
|  14|0x0000000605600000, 0x0000000605600000, 0x0000000605800000|  0%| F|  |TAMS 0x0000000605600000, 0x0000000605600000| Untracked 
|  15|0x0000000605800000, 0x0000000605800000, 0x0000000605a00000|  0%| F|  |TAMS 0x0000000605800000, 0x0000000605800000| Untracked 
|  16|0x0000000605a00000, 0x0000000605a00000, 0x0000000605c00000|  0%| F|  |TAMS 0x0000000605a00000, 0x0000000605a00000| Untracked 
|  17|0x0000000605c00000, 0x0000000605c00000, 0x0000000605e00000|  0%| F|  |TAMS 0x0000000605c00000, 0x0000000605c00000| Untracked 
|  18|0x0000000605e00000, 0x0000000605e00000, 0x0000000606000000|  0%| F|  |TAMS 0x0000000605e00000, 0x0000000605e00000| Untracked 
|  19|0x0000000606000000, 0x0000000606000000, 0x0000000606200000|  0%| F|  |TAMS 0x0000000606000000, 0x0000000606000000| Untracked 
|  20|0x0000000606200000, 0x0000000606200000, 0x0000000606400000|  0%| F|  |TAMS 0x0000000606200000, 0x0000000606200000| Untracked 
|  21|0x0000000606400000, 0x0000000606400000, 0x0000000606600000|  0%| F|  |TAMS 0x0000000606400000, 0x0000000606400000| Untracked 
|  22|0x0000000606600000, 0x0000000606600000, 0x0000000606800000|  0%| F|  |TAMS 0x0000000606600000, 0x0000000606600000| Untracked 
|  23|0x0000000606800000, 0x0000000606800000, 0x0000000606a00000|  0%| F|  |TAMS 0x0000000606800000, 0x0000000606800000| Untracked 
|  24|0x0000000606a00000, 0x0000000606a00000, 0x0000000606c00000|  0%| F|  |TAMS 0x0000000606a00000, 0x0000000606a00000| Untracked 
|  25|0x0000000606c00000, 0x0000000606c00000, 0x0000000606e00000|  0%| F|  |TAMS 0x0000000606c00000, 0x0000000606c00000| Untracked 
|  26|0x0000000606e00000, 0x0000000606e00000, 0x0000000607000000|  0%| F|  |TAMS 0x0000000606e00000, 0x0000000606e00000| Untracked 
|  27|0x0000000607000000, 0x0000000607000000, 0x0000000607200000|  0%| F|  |TAMS 0x0000000607000000, 0x0000000607000000| Untracked 
|  28|0x0000000607200000, 0x0000000607200000, 0x0000000607400000|  0%| F|  |TAMS 0x0000000607200000, 0x0000000607200000| Untracked 
|  29|0x0000000607400000, 0x0000000607400000, 0x0000000607600000|  0%| F|  |TAMS 0x0000000607400000, 0x0000000607400000| Untracked 
|  30|0x0000000607600000, 0x0000000607600000, 0x0000000607800000|  0%| F|  |TAMS 0x0000000607600000, 0x0000000607600000| Untracked 
|  31|0x0000000607800000, 0x0000000607800000, 0x0000000607a00000|  0%| F|  |TAMS 0x0000000607800000, 0x0000000607800000| Untracked 
|  32|0x0000000607a00000, 0x0000000607a00000, 0x0000000607c00000|  0%| F|  |TAMS 0x0000000607a00000, 0x0000000607a00000| Untracked 
|  33|0x0000000607c00000, 0x0000000607c00000, 0x0000000607e00000|  0%| F|  |TAMS 0x0000000607c00000, 0x0000000607c00000| Untracked 
|  34|0x0000000607e00000, 0x0000000607e00000, 0x0000000608000000|  0%| F|  |TAMS 0x0000000607e00000, 0x0000000607e00000| Untracked 
|  35|0x0000000608000000, 0x0000000608000000, 0x0000000608200000|  0%| F|  |TAMS 0x0000000608000000, 0x0000000608000000| Untracked 
|  36|0x0000000608200000, 0x0000000608200000, 0x0000000608400000|  0%| F|  |TAMS 0x0000000608200000, 0x0000000608200000| Untracked 
|  37|0x0000000608400000, 0x0000000608400000, 0x0000000608600000|  0%| F|  |TAMS 0x0000000608400000, 0x0000000608400000| Untracked 
|  38|0x0000000608600000, 0x0000000608600000, 0x0000000608800000|  0%| F|  |TAMS 0x0000000608600000, 0x0000000608600000| Untracked 
|  39|0x0000000608800000, 0x0000000608800000, 0x0000000608a00000|  0%| F|  |TAMS 0x0000000608800000, 0x0000000608800000| Untracked 
|  40|0x0000000608a00000, 0x0000000608a00000, 0x0000000608c00000|  0%| F|  |TAMS 0x0000000608a00000, 0x0000000608a00000| Untracked 
|  41|0x0000000608c00000, 0x0000000608c00000, 0x0000000608e00000|  0%| F|  |TAMS 0x0000000608c00000, 0x0000000608c00000| Untracked 
|  42|0x0000000608e00000, 0x0000000608e00000, 0x0000000609000000|  0%| F|  |TAMS 0x0000000608e00000, 0x0000000608e00000| Untracked 
|  43|0x0000000609000000, 0x0000000609000000, 0x0000000609200000|  0%| F|  |TAMS 0x0000000609000000, 0x0000000609000000| Untracked 
|  44|0x0000000609200000, 0x0000000609200000, 0x0000000609400000|  0%| F|  |TAMS 0x0000000609200000, 0x0000000609200000| Untracked 
|  45|0x0000000609400000, 0x0000000609400000, 0x0000000609600000|  0%| F|  |TAMS 0x0000000609400000, 0x0000000609400000| Untracked 
|  46|0x0000000609600000, 0x0000000609600000, 0x0000000609800000|  0%| F|  |TAMS 0x0000000609600000, 0x0000000609600000| Untracked 
|  47|0x0000000609800000, 0x0000000609800000, 0x0000000609a00000|  0%| F|  |TAMS 0x0000000609800000, 0x0000000609800000| Untracked 
|  48|0x0000000609a00000, 0x0000000609a00000, 0x0000000609c00000|  0%| F|  |TAMS 0x0000000609a00000, 0x0000000609a00000| Untracked 
|  49|0x0000000609c00000, 0x0000000609c00000, 0x0000000609e00000|  0%| F|  |TAMS 0x0000000609c00000, 0x0000000609c00000| Untracked 
|  50|0x0000000609e00000, 0x0000000609e00000, 0x000000060a000000|  0%| F|  |TAMS 0x0000000609e00000, 0x0000000609e00000| Untracked 
|  51|0x000000060a000000, 0x000000060a000000, 0x000000060a200000|  0%| F|  |TAMS 0x000000060a000000, 0x000000060a000000| Untracked 
|  52|0x000000060a200000, 0x000000060a200000, 0x000000060a400000|  0%| F|  |TAMS 0x000000060a200000, 0x000000060a200000| Untracked 
|  53|0x000000060a400000, 0x000000060a400000, 0x000000060a600000|  0%| F|  |TAMS 0x000000060a400000, 0x000000060a400000| Untracked 
|  54|0x000000060a600000, 0x000000060a600000, 0x000000060a800000|  0%| F|  |TAMS 0x000000060a600000, 0x000000060a600000| Untracked 
|  55|0x000000060a800000, 0x000000060a800000, 0x000000060aa00000|  0%| F|  |TAMS 0x000000060a800000, 0x000000060a800000| Untracked 
|  56|0x000000060aa00000, 0x000000060aa00000, 0x000000060ac00000|  0%| F|  |TAMS 0x000000060aa00000, 0x000000060aa00000| Untracked 
|  57|0x000000060ac00000, 0x000000060ac00000, 0x000000060ae00000|  0%| F|  |TAMS 0x000000060ac00000, 0x000000060ac00000| Untracked 
|  58|0x000000060ae00000, 0x000000060ae00000, 0x000000060b000000|  0%| F|  |TAMS 0x000000060ae00000, 0x000000060ae00000| Untracked 
|  59|0x000000060b000000, 0x000000060b000000, 0x000000060b200000|  0%| F|  |TAMS 0x000000060b000000, 0x000000060b000000| Untracked 
|  60|0x000000060b200000, 0x000000060b200000, 0x000000060b400000|  0%| F|  |TAMS 0x000000060b200000, 0x000000060b200000| Untracked 
|  61|0x000000060b400000, 0x000000060b400000, 0x000000060b600000|  0%| F|  |TAMS 0x000000060b400000, 0x000000060b400000| Untracked 
|  62|0x000000060b600000, 0x000000060b600000, 0x000000060b800000|  0%| F|  |TAMS 0x000000060b600000, 0x000000060b600000| Untracked 
|  63|0x000000060b800000, 0x000000060b800000, 0x000000060ba00000|  0%| F|  |TAMS 0x000000060b800000, 0x000000060b800000| Untracked 
|  64|0x000000060ba00000, 0x000000060ba00000, 0x000000060bc00000|  0%| F|  |TAMS 0x000000060ba00000, 0x000000060ba00000| Untracked 
|  65|0x000000060bc00000, 0x000000060bc00000, 0x000000060be00000|  0%| F|  |TAMS 0x000000060bc00000, 0x000000060bc00000| Untracked 
|  66|0x000000060be00000, 0x000000060be00000, 0x000000060c000000|  0%| F|  |TAMS 0x000000060be00000, 0x000000060be00000| Untracked 
|  67|0x000000060c000000, 0x000000060c000000, 0x000000060c200000|  0%| F|  |TAMS 0x000000060c000000, 0x000000060c000000| Untracked 
|  68|0x000000060c200000, 0x000000060c200000, 0x000000060c400000|  0%| F|  |TAMS 0x000000060c200000, 0x000000060c200000| Untracked 
|  69|0x000000060c400000, 0x000000060c400000, 0x000000060c600000|  0%| F|  |TAMS 0x000000060c400000, 0x000000060c400000| Untracked 
|  70|0x000000060c600000, 0x000000060c600000, 0x000000060c800000|  0%| F|  |TAMS 0x000000060c600000, 0x000000060c600000| Untracked 
|  71|0x000000060c800000, 0x000000060c800000, 0x000000060ca00000|  0%| F|  |TAMS 0x000000060c800000, 0x000000060c800000| Untracked 
|  72|0x000000060ca00000, 0x000000060ca00000, 0x000000060cc00000|  0%| F|  |TAMS 0x000000060ca00000, 0x000000060ca00000| Untracked 
|  73|0x000000060cc00000, 0x000000060cc00000, 0x000000060ce00000|  0%| F|  |TAMS 0x000000060cc00000, 0x000000060cc00000| Untracked 
|  74|0x000000060ce00000, 0x000000060ce00000, 0x000000060d000000|  0%| F|  |TAMS 0x000000060ce00000, 0x000000060ce00000| Untracked 
|  75|0x000000060d000000, 0x000000060d000000, 0x000000060d200000|  0%| F|  |TAMS 0x000000060d000000, 0x000000060d000000| Untracked 
|  76|0x000000060d200000, 0x000000060d200000, 0x000000060d400000|  0%| F|  |TAMS 0x000000060d200000, 0x000000060d200000| Untracked 
|  77|0x000000060d400000, 0x000000060d400000, 0x000000060d600000|  0%| F|  |TAMS 0x000000060d400000, 0x000000060d400000| Untracked 
|  78|0x000000060d600000, 0x000000060d600000, 0x000000060d800000|  0%| F|  |TAMS 0x000000060d600000, 0x000000060d600000| Untracked 
|  79|0x000000060d800000, 0x000000060d800000, 0x000000060da00000|  0%| F|  |TAMS 0x000000060d800000, 0x000000060d800000| Untracked 
|  80|0x000000060da00000, 0x000000060da00000, 0x000000060dc00000|  0%| F|  |TAMS 0x000000060da00000, 0x000000060da00000| Untracked 
|  81|0x000000060dc00000, 0x000000060dc00000, 0x000000060de00000|  0%| F|  |TAMS 0x000000060dc00000, 0x000000060dc00000| Untracked 
|  82|0x000000060de00000, 0x000000060de00000, 0x000000060e000000|  0%| F|  |TAMS 0x000000060de00000, 0x000000060de00000| Untracked 
|  83|0x000000060e000000, 0x000000060e000000, 0x000000060e200000|  0%| F|  |TAMS 0x000000060e000000, 0x000000060e000000| Untracked 
|  84|0x000000060e200000, 0x000000060e200000, 0x000000060e400000|  0%| F|  |TAMS 0x000000060e200000, 0x000000060e200000| Untracked 
|  85|0x000000060e400000, 0x000000060e400000, 0x000000060e600000|  0%| F|  |TAMS 0x000000060e400000, 0x000000060e400000| Untracked 
|  86|0x000000060e600000, 0x000000060e600000, 0x000000060e800000|  0%| F|  |TAMS 0x000000060e600000, 0x000000060e600000| Untracked 
|  87|0x000000060e800000, 0x000000060e800000, 0x000000060ea00000|  0%| F|  |TAMS 0x000000060e800000, 0x000000060e800000| Untracked 
|  88|0x000000060ea00000, 0x000000060ea00000, 0x000000060ec00000|  0%| F|  |TAMS 0x000000060ea00000, 0x000000060ea00000| Untracked 
|  89|0x000000060ec00000, 0x000000060ec00000, 0x000000060ee00000|  0%| F|  |TAMS 0x000000060ec00000, 0x000000060ec00000| Untracked 
|  90|0x000000060ee00000, 0x000000060ee00000, 0x000000060f000000|  0%| F|  |TAMS 0x000000060ee00000, 0x000000060ee00000| Untracked 
|  91|0x000000060f000000, 0x000000060f000000, 0x000000060f200000|  0%| F|  |TAMS 0x000000060f000000, 0x000000060f000000| Untracked 
|  92|0x000000060f200000, 0x000000060f200000, 0x000000060f400000|  0%| F|  |TAMS 0x000000060f200000, 0x000000060f200000| Untracked 
|  93|0x000000060f400000, 0x000000060f400000, 0x000000060f600000|  0%| F|  |TAMS 0x000000060f400000, 0x000000060f400000| Untracked 
|  94|0x000000060f600000, 0x000000060f600000, 0x000000060f800000|  0%| F|  |TAMS 0x000000060f600000, 0x000000060f600000| Untracked 
|  95|0x000000060f800000, 0x000000060f800000, 0x000000060fa00000|  0%| F|  |TAMS 0x000000060f800000, 0x000000060f800000| Untracked 
|  96|0x000000060fa00000, 0x000000060fa00000, 0x000000060fc00000|  0%| F|  |TAMS 0x000000060fa00000, 0x000000060fa00000| Untracked 
|  97|0x000000060fc00000, 0x000000060fc00000, 0x000000060fe00000|  0%| F|  |TAMS 0x000000060fc00000, 0x000000060fc00000| Untracked 
|  98|0x000000060fe00000, 0x000000060fe00000, 0x0000000610000000|  0%| F|  |TAMS 0x000000060fe00000, 0x000000060fe00000| Untracked 
|  99|0x0000000610000000, 0x0000000610000000, 0x0000000610200000|  0%| F|  |TAMS 0x0000000610000000, 0x0000000610000000| Untracked 
| 100|0x0000000610200000, 0x0000000610200000, 0x0000000610400000|  0%| F|  |TAMS 0x0000000610200000, 0x0000000610200000| Untracked 
| 101|0x0000000610400000, 0x0000000610400000, 0x0000000610600000|  0%| F|  |TAMS 0x0000000610400000, 0x0000000610400000| Untracked 
| 102|0x0000000610600000, 0x0000000610600000, 0x0000000610800000|  0%| F|  |TAMS 0x0000000610600000, 0x0000000610600000| Untracked 
| 103|0x0000000610800000, 0x0000000610800000, 0x0000000610a00000|  0%| F|  |TAMS 0x0000000610800000, 0x0000000610800000| Untracked 
| 104|0x0000000610a00000, 0x0000000610a00000, 0x0000000610c00000|  0%| F|  |TAMS 0x0000000610a00000, 0x0000000610a00000| Untracked 
| 105|0x0000000610c00000, 0x0000000610c00000, 0x0000000610e00000|  0%| F|  |TAMS 0x0000000610c00000, 0x0000000610c00000| Untracked 
| 106|0x0000000610e00000, 0x0000000610e00000, 0x0000000611000000|  0%| F|  |TAMS 0x0000000610e00000, 0x0000000610e00000| Untracked 
| 107|0x0000000611000000, 0x0000000611000000, 0x0000000611200000|  0%| F|  |TAMS 0x0000000611000000, 0x0000000611000000| Untracked 
| 108|0x0000000611200000, 0x0000000611200000, 0x0000000611400000|  0%| F|  |TAMS 0x0000000611200000, 0x0000000611200000| Untracked 
| 109|0x0000000611400000, 0x0000000611400000, 0x0000000611600000|  0%| F|  |TAMS 0x0000000611400000, 0x0000000611400000| Untracked 
| 110|0x0000000611600000, 0x0000000611600000, 0x0000000611800000|  0%| F|  |TAMS 0x0000000611600000, 0x0000000611600000| Untracked 
| 111|0x0000000611800000, 0x0000000611800000, 0x0000000611a00000|  0%| F|  |TAMS 0x0000000611800000, 0x0000000611800000| Untracked 
| 112|0x0000000611a00000, 0x0000000611a00000, 0x0000000611c00000|  0%| F|  |TAMS 0x0000000611a00000, 0x0000000611a00000| Untracked 
| 113|0x0000000611c00000, 0x0000000611c00000, 0x0000000611e00000|  0%| F|  |TAMS 0x0000000611c00000, 0x0000000611c00000| Untracked 
| 114|0x0000000611e00000, 0x0000000611e00000, 0x0000000612000000|  0%| F|  |TAMS 0x0000000611e00000, 0x0000000611e00000| Untracked 
| 115|0x0000000612000000, 0x0000000612000000, 0x0000000612200000|  0%| F|  |TAMS 0x0000000612000000, 0x0000000612000000| Untracked 
| 116|0x0000000612200000, 0x0000000612200000, 0x0000000612400000|  0%| F|  |TAMS 0x0000000612200000, 0x0000000612200000| Untracked 
| 117|0x0000000612400000, 0x0000000612400000, 0x0000000612600000|  0%| F|  |TAMS 0x0000000612400000, 0x0000000612400000| Untracked 
| 118|0x0000000612600000, 0x0000000612600000, 0x0000000612800000|  0%| F|  |TAMS 0x0000000612600000, 0x0000000612600000| Untracked 
| 119|0x0000000612800000, 0x0000000612800000, 0x0000000612a00000|  0%| F|  |TAMS 0x0000000612800000, 0x0000000612800000| Untracked 
| 120|0x0000000612a00000, 0x0000000612a00000, 0x0000000612c00000|  0%| F|  |TAMS 0x0000000612a00000, 0x0000000612a00000| Untracked 
| 121|0x0000000612c00000, 0x0000000612c00000, 0x0000000612e00000|  0%| F|  |TAMS 0x0000000612c00000, 0x0000000612c00000| Untracked 
| 122|0x0000000612e00000, 0x0000000612e00000, 0x0000000613000000|  0%| F|  |TAMS 0x0000000612e00000, 0x0000000612e00000| Untracked 
| 123|0x0000000613000000, 0x0000000613000000, 0x0000000613200000|  0%| F|  |TAMS 0x0000000613000000, 0x0000000613000000| Untracked 
| 124|0x0000000613200000, 0x0000000613200000, 0x0000000613400000|  0%| F|  |TAMS 0x0000000613200000, 0x0000000613200000| Untracked 
| 125|0x0000000613400000, 0x0000000613400000, 0x0000000613600000|  0%| F|  |TAMS 0x0000000613400000, 0x0000000613400000| Untracked 
| 126|0x0000000613600000, 0x0000000613600000, 0x0000000613800000|  0%| F|  |TAMS 0x0000000613600000, 0x0000000613600000| Untracked 
| 127|0x0000000613800000, 0x0000000613800000, 0x0000000613a00000|  0%| F|  |TAMS 0x0000000613800000, 0x0000000613800000| Untracked 
| 128|0x0000000613a00000, 0x0000000613a00000, 0x0000000613c00000|  0%| F|  |TAMS 0x0000000613a00000, 0x0000000613a00000| Untracked 
| 129|0x0000000613c00000, 0x0000000613c00000, 0x0000000613e00000|  0%| F|  |TAMS 0x0000000613c00000, 0x0000000613c00000| Untracked 
| 130|0x0000000613e00000, 0x0000000613e00000, 0x0000000614000000|  0%| F|  |TAMS 0x0000000613e00000, 0x0000000613e00000| Untracked 
| 131|0x0000000614000000, 0x0000000614000000, 0x0000000614200000|  0%| F|  |TAMS 0x0000000614000000, 0x0000000614000000| Untracked 
| 132|0x0000000614200000, 0x0000000614200000, 0x0000000614400000|  0%| F|  |TAMS 0x0000000614200000, 0x0000000614200000| Untracked 
| 133|0x0000000614400000, 0x0000000614400000, 0x0000000614600000|  0%| F|  |TAMS 0x0000000614400000, 0x0000000614400000| Untracked 
| 134|0x0000000614600000, 0x0000000614600000, 0x0000000614800000|  0%| F|  |TAMS 0x0000000614600000, 0x0000000614600000| Untracked 
| 135|0x0000000614800000, 0x0000000614800000, 0x0000000614a00000|  0%| F|  |TAMS 0x0000000614800000, 0x0000000614800000| Untracked 
| 136|0x0000000614a00000, 0x0000000614a00000, 0x0000000614c00000|  0%| F|  |TAMS 0x0000000614a00000, 0x0000000614a00000| Untracked 
| 137|0x0000000614c00000, 0x0000000614c00000, 0x0000000614e00000|  0%| F|  |TAMS 0x0000000614c00000, 0x0000000614c00000| Untracked 
| 138|0x0000000614e00000, 0x0000000614e00000, 0x0000000615000000|  0%| F|  |TAMS 0x0000000614e00000, 0x0000000614e00000| Untracked 
| 139|0x0000000615000000, 0x0000000615000000, 0x0000000615200000|  0%| F|  |TAMS 0x0000000615000000, 0x0000000615000000| Untracked 
| 140|0x0000000615200000, 0x0000000615200000, 0x0000000615400000|  0%| F|  |TAMS 0x0000000615200000, 0x0000000615200000| Untracked 
| 141|0x0000000615400000, 0x0000000615400000, 0x0000000615600000|  0%| F|  |TAMS 0x0000000615400000, 0x0000000615400000| Untracked 
| 142|0x0000000615600000, 0x0000000615600000, 0x0000000615800000|  0%| F|  |TAMS 0x0000000615600000, 0x0000000615600000| Untracked 
| 143|0x0000000615800000, 0x0000000615800000, 0x0000000615a00000|  0%| F|  |TAMS 0x0000000615800000, 0x0000000615800000| Untracked 
| 144|0x0000000615a00000, 0x0000000615a00000, 0x0000000615c00000|  0%| F|  |TAMS 0x0000000615a00000, 0x0000000615a00000| Untracked 
| 145|0x0000000615c00000, 0x0000000615c00000, 0x0000000615e00000|  0%| F|  |TAMS 0x0000000615c00000, 0x0000000615c00000| Untracked 
| 146|0x0000000615e00000, 0x0000000615e00000, 0x0000000616000000|  0%| F|  |TAMS 0x0000000615e00000, 0x0000000615e00000| Untracked 
| 147|0x0000000616000000, 0x0000000616000000, 0x0000000616200000|  0%| F|  |TAMS 0x0000000616000000, 0x0000000616000000| Untracked 
| 148|0x0000000616200000, 0x0000000616200000, 0x0000000616400000|  0%| F|  |TAMS 0x0000000616200000, 0x0000000616200000| Untracked 
| 149|0x0000000616400000, 0x0000000616400000, 0x0000000616600000|  0%| F|  |TAMS 0x0000000616400000, 0x0000000616400000| Untracked 
| 150|0x0000000616600000, 0x0000000616600000, 0x0000000616800000|  0%| F|  |TAMS 0x0000000616600000, 0x0000000616600000| Untracked 
| 151|0x0000000616800000, 0x0000000616800000, 0x0000000616a00000|  0%| F|  |TAMS 0x0000000616800000, 0x0000000616800000| Untracked 
| 152|0x0000000616a00000, 0x0000000616a00000, 0x0000000616c00000|  0%| F|  |TAMS 0x0000000616a00000, 0x0000000616a00000| Untracked 
| 153|0x0000000616c00000, 0x0000000616c00000, 0x0000000616e00000|  0%| F|  |TAMS 0x0000000616c00000, 0x0000000616c00000| Untracked 
| 154|0x0000000616e00000, 0x0000000616e00000, 0x0000000617000000|  0%| F|  |TAMS 0x0000000616e00000, 0x0000000616e00000| Untracked 
| 155|0x0000000617000000, 0x0000000617000000, 0x0000000617200000|  0%| F|  |TAMS 0x0000000617000000, 0x0000000617000000| Untracked 
| 156|0x0000000617200000, 0x0000000617200000, 0x0000000617400000|  0%| F|  |TAMS 0x0000000617200000, 0x0000000617200000| Untracked 
| 157|0x0000000617400000, 0x0000000617400000, 0x0000000617600000|  0%| F|  |TAMS 0x0000000617400000, 0x0000000617400000| Untracked 
| 158|0x0000000617600000, 0x0000000617600000, 0x0000000617800000|  0%| F|  |TAMS 0x0000000617600000, 0x0000000617600000| Untracked 
| 159|0x0000000617800000, 0x0000000617800000, 0x0000000617a00000|  0%| F|  |TAMS 0x0000000617800000, 0x0000000617800000| Untracked 
| 160|0x0000000617a00000, 0x0000000617a00000, 0x0000000617c00000|  0%| F|  |TAMS 0x0000000617a00000, 0x0000000617a00000| Untracked 
| 161|0x0000000617c00000, 0x0000000617c00000, 0x0000000617e00000|  0%| F|  |TAMS 0x0000000617c00000, 0x0000000617c00000| Untracked 
| 162|0x0000000617e00000, 0x0000000617e00000, 0x0000000618000000|  0%| F|  |TAMS 0x0000000617e00000, 0x0000000617e00000| Untracked 
| 163|0x0000000618000000, 0x0000000618000000, 0x0000000618200000|  0%| F|  |TAMS 0x0000000618000000, 0x0000000618000000| Untracked 
| 164|0x0000000618200000, 0x0000000618200000, 0x0000000618400000|  0%| F|  |TAMS 0x0000000618200000, 0x0000000618200000| Untracked 
| 165|0x0000000618400000, 0x0000000618400000, 0x0000000618600000|  0%| F|  |TAMS 0x0000000618400000, 0x0000000618400000| Untracked 
| 166|0x0000000618600000, 0x0000000618600000, 0x0000000618800000|  0%| F|  |TAMS 0x0000000618600000, 0x0000000618600000| Untracked 
| 167|0x0000000618800000, 0x0000000618800000, 0x0000000618a00000|  0%| F|  |TAMS 0x0000000618800000, 0x0000000618800000| Untracked 
| 168|0x0000000618a00000, 0x0000000618a00000, 0x0000000618c00000|  0%| F|  |TAMS 0x0000000618a00000, 0x0000000618a00000| Untracked 
| 169|0x0000000618c00000, 0x0000000618c00000, 0x0000000618e00000|  0%| F|  |TAMS 0x0000000618c00000, 0x0000000618c00000| Untracked 
| 170|0x0000000618e00000, 0x0000000618e00000, 0x0000000619000000|  0%| F|  |TAMS 0x0000000618e00000, 0x0000000618e00000| Untracked 
| 171|0x0000000619000000, 0x0000000619000000, 0x0000000619200000|  0%| F|  |TAMS 0x0000000619000000, 0x0000000619000000| Untracked 
| 172|0x0000000619200000, 0x0000000619200000, 0x0000000619400000|  0%| F|  |TAMS 0x0000000619200000, 0x0000000619200000| Untracked 
| 173|0x0000000619400000, 0x0000000619400000, 0x0000000619600000|  0%| F|  |TAMS 0x0000000619400000, 0x0000000619400000| Untracked 
| 174|0x0000000619600000, 0x0000000619600000, 0x0000000619800000|  0%| F|  |TAMS 0x0000000619600000, 0x0000000619600000| Untracked 
| 175|0x0000000619800000, 0x0000000619800000, 0x0000000619a00000|  0%| F|  |TAMS 0x0000000619800000, 0x0000000619800000| Untracked 
| 176|0x0000000619a00000, 0x0000000619a00000, 0x0000000619c00000|  0%| F|  |TAMS 0x0000000619a00000, 0x0000000619a00000| Untracked 
| 177|0x0000000619c00000, 0x0000000619c00000, 0x0000000619e00000|  0%| F|  |TAMS 0x0000000619c00000, 0x0000000619c00000| Untracked 
| 178|0x0000000619e00000, 0x0000000619e00000, 0x000000061a000000|  0%| F|  |TAMS 0x0000000619e00000, 0x0000000619e00000| Untracked 
| 179|0x000000061a000000, 0x000000061a000000, 0x000000061a200000|  0%| F|  |TAMS 0x000000061a000000, 0x000000061a000000| Untracked 
| 180|0x000000061a200000, 0x000000061a200000, 0x000000061a400000|  0%| F|  |TAMS 0x000000061a200000, 0x000000061a200000| Untracked 
| 181|0x000000061a400000, 0x000000061a400000, 0x000000061a600000|  0%| F|  |TAMS 0x000000061a400000, 0x000000061a400000| Untracked 
| 182|0x000000061a600000, 0x000000061a600000, 0x000000061a800000|  0%| F|  |TAMS 0x000000061a600000, 0x000000061a600000| Untracked 
| 183|0x000000061a800000, 0x000000061a800000, 0x000000061aa00000|  0%| F|  |TAMS 0x000000061a800000, 0x000000061a800000| Untracked 
| 184|0x000000061aa00000, 0x000000061aa00000, 0x000000061ac00000|  0%| F|  |TAMS 0x000000061aa00000, 0x000000061aa00000| Untracked 
| 185|0x000000061ac00000, 0x000000061ac00000, 0x000000061ae00000|  0%| F|  |TAMS 0x000000061ac00000, 0x000000061ac00000| Untracked 
| 186|0x000000061ae00000, 0x000000061ae00000, 0x000000061b000000|  0%| F|  |TAMS 0x000000061ae00000, 0x000000061ae00000| Untracked 
| 187|0x000000061b000000, 0x000000061b000000, 0x000000061b200000|  0%| F|  |TAMS 0x000000061b000000, 0x000000061b000000| Untracked 
| 188|0x000000061b200000, 0x000000061b200000, 0x000000061b400000|  0%| F|  |TAMS 0x000000061b200000, 0x000000061b200000| Untracked 
| 189|0x000000061b400000, 0x000000061b400000, 0x000000061b600000|  0%| F|  |TAMS 0x000000061b400000, 0x000000061b400000| Untracked 
| 190|0x000000061b600000, 0x000000061b600000, 0x000000061b800000|  0%| F|  |TAMS 0x000000061b600000, 0x000000061b600000| Untracked 
| 191|0x000000061b800000, 0x000000061b800000, 0x000000061ba00000|  0%| F|  |TAMS 0x000000061b800000, 0x000000061b800000| Untracked 
| 192|0x000000061ba00000, 0x000000061ba00000, 0x000000061bc00000|  0%| F|  |TAMS 0x000000061ba00000, 0x000000061ba00000| Untracked 
| 193|0x000000061bc00000, 0x000000061bc00000, 0x000000061be00000|  0%| F|  |TAMS 0x000000061bc00000, 0x000000061bc00000| Untracked 
| 194|0x000000061be00000, 0x000000061be00000, 0x000000061c000000|  0%| F|  |TAMS 0x000000061be00000, 0x000000061be00000| Untracked 
| 195|0x000000061c000000, 0x000000061c000000, 0x000000061c200000|  0%| F|  |TAMS 0x000000061c000000, 0x000000061c000000| Untracked 
| 196|0x000000061c200000, 0x000000061c200000, 0x000000061c400000|  0%| F|  |TAMS 0x000000061c200000, 0x000000061c200000| Untracked 
| 197|0x000000061c400000, 0x000000061c400000, 0x000000061c600000|  0%| F|  |TAMS 0x000000061c400000, 0x000000061c400000| Untracked 
| 198|0x000000061c600000, 0x000000061c600000, 0x000000061c800000|  0%| F|  |TAMS 0x000000061c600000, 0x000000061c600000| Untracked 
| 199|0x000000061c800000, 0x000000061c800000, 0x000000061ca00000|  0%| F|  |TAMS 0x000000061c800000, 0x000000061c800000| Untracked 
| 200|0x000000061ca00000, 0x000000061ca00000, 0x000000061cc00000|  0%| F|  |TAMS 0x000000061ca00000, 0x000000061ca00000| Untracked 
| 201|0x000000061cc00000, 0x000000061cc00000, 0x000000061ce00000|  0%| F|  |TAMS 0x000000061cc00000, 0x000000061cc00000| Untracked 
| 202|0x000000061ce00000, 0x000000061ce00000, 0x000000061d000000|  0%| F|  |TAMS 0x000000061ce00000, 0x000000061ce00000| Untracked 
| 203|0x000000061d000000, 0x000000061d000000, 0x000000061d200000|  0%| F|  |TAMS 0x000000061d000000, 0x000000061d000000| Untracked 
| 204|0x000000061d200000, 0x000000061d200000, 0x000000061d400000|  0%| F|  |TAMS 0x000000061d200000, 0x000000061d200000| Untracked 
| 205|0x000000061d400000, 0x000000061d400000, 0x000000061d600000|  0%| F|  |TAMS 0x000000061d400000, 0x000000061d400000| Untracked 
| 206|0x000000061d600000, 0x000000061d600000, 0x000000061d800000|  0%| F|  |TAMS 0x000000061d600000, 0x000000061d600000| Untracked 
| 207|0x000000061d800000, 0x000000061d800000, 0x000000061da00000|  0%| F|  |TAMS 0x000000061d800000, 0x000000061d800000| Untracked 
| 208|0x000000061da00000, 0x000000061da00000, 0x000000061dc00000|  0%| F|  |TAMS 0x000000061da00000, 0x000000061da00000| Untracked 
| 209|0x000000061dc00000, 0x000000061dc00000, 0x000000061de00000|  0%| F|  |TAMS 0x000000061dc00000, 0x000000061dc00000| Untracked 
| 210|0x000000061de00000, 0x000000061de00000, 0x000000061e000000|  0%| F|  |TAMS 0x000000061de00000, 0x000000061de00000| Untracked 
| 211|0x000000061e000000, 0x000000061e000000, 0x000000061e200000|  0%| F|  |TAMS 0x000000061e000000, 0x000000061e000000| Untracked 
| 212|0x000000061e200000, 0x000000061e200000, 0x000000061e400000|  0%| F|  |TAMS 0x000000061e200000, 0x000000061e200000| Untracked 
| 213|0x000000061e400000, 0x000000061e400000, 0x000000061e600000|  0%| F|  |TAMS 0x000000061e400000, 0x000000061e400000| Untracked 
| 214|0x000000061e600000, 0x000000061e600000, 0x000000061e800000|  0%| F|  |TAMS 0x000000061e600000, 0x000000061e600000| Untracked 
| 215|0x000000061e800000, 0x000000061e800000, 0x000000061ea00000|  0%| F|  |TAMS 0x000000061e800000, 0x000000061e800000| Untracked 
| 216|0x000000061ea00000, 0x000000061ea00000, 0x000000061ec00000|  0%| F|  |TAMS 0x000000061ea00000, 0x000000061ea00000| Untracked 
| 217|0x000000061ec00000, 0x000000061ec00000, 0x000000061ee00000|  0%| F|  |TAMS 0x000000061ec00000, 0x000000061ec00000| Untracked 
| 218|0x000000061ee00000, 0x000000061ee00000, 0x000000061f000000|  0%| F|  |TAMS 0x000000061ee00000, 0x000000061ee00000| Untracked 
| 219|0x000000061f000000, 0x000000061f000000, 0x000000061f200000|  0%| F|  |TAMS 0x000000061f000000, 0x000000061f000000| Untracked 
| 220|0x000000061f200000, 0x000000061f200000, 0x000000061f400000|  0%| F|  |TAMS 0x000000061f200000, 0x000000061f200000| Untracked 
| 221|0x000000061f400000, 0x000000061f400000, 0x000000061f600000|  0%| F|  |TAMS 0x000000061f400000, 0x000000061f400000| Untracked 
| 222|0x000000061f600000, 0x000000061f600000, 0x000000061f800000|  0%| F|  |TAMS 0x000000061f600000, 0x000000061f600000| Untracked 
| 223|0x000000061f800000, 0x000000061f800000, 0x000000061fa00000|  0%| F|  |TAMS 0x000000061f800000, 0x000000061f800000| Untracked 
| 224|0x000000061fa00000, 0x000000061fa00000, 0x000000061fc00000|  0%| F|  |TAMS 0x000000061fa00000, 0x000000061fa00000| Untracked 
| 225|0x000000061fc00000, 0x000000061fc00000, 0x000000061fe00000|  0%| F|  |TAMS 0x000000061fc00000, 0x000000061fc00000| Untracked 
| 226|0x000000061fe00000, 0x000000061fe00000, 0x0000000620000000|  0%| F|  |TAMS 0x000000061fe00000, 0x000000061fe00000| Untracked 
| 227|0x0000000620000000, 0x0000000620000000, 0x0000000620200000|  0%| F|  |TAMS 0x0000000620000000, 0x0000000620000000| Untracked 
| 228|0x0000000620200000, 0x0000000620300800, 0x0000000620400000| 50%| E|  |TAMS 0x0000000620200000, 0x0000000620200000| Complete 
| 229|0x0000000620400000, 0x0000000620600000, 0x0000000620600000|100%| E|CS|TAMS 0x0000000620400000, 0x0000000620400000| Complete 
| 230|0x0000000620600000, 0x0000000620800000, 0x0000000620800000|100%| E|CS|TAMS 0x0000000620600000, 0x0000000620600000| Complete 
| 231|0x0000000620800000, 0x0000000620a00000, 0x0000000620a00000|100%| E|CS|TAMS 0x0000000620800000, 0x0000000620800000| Complete 
| 232|0x0000000620a00000, 0x0000000620c00000, 0x0000000620c00000|100%| E|CS|TAMS 0x0000000620a00000, 0x0000000620a00000| Complete 
| 233|0x0000000620c00000, 0x0000000620e00000, 0x0000000620e00000|100%| E|CS|TAMS 0x0000000620c00000, 0x0000000620c00000| Complete 
| 234|0x0000000620e00000, 0x0000000621000000, 0x0000000621000000|100%| E|CS|TAMS 0x0000000620e00000, 0x0000000620e00000| Complete 
| 235|0x0000000621000000, 0x0000000621200000, 0x0000000621200000|100%| E|CS|TAMS 0x0000000621000000, 0x0000000621000000| Complete 
| 236|0x0000000621200000, 0x0000000621400000, 0x0000000621400000|100%| E|CS|TAMS 0x0000000621200000, 0x0000000621200000| Complete 
| 237|0x0000000621400000, 0x0000000621600000, 0x0000000621600000|100%| E|CS|TAMS 0x0000000621400000, 0x0000000621400000| Complete 
| 238|0x0000000621600000, 0x0000000621800000, 0x0000000621800000|100%| E|CS|TAMS 0x0000000621600000, 0x0000000621600000| Complete 
| 239|0x0000000621800000, 0x0000000621a00000, 0x0000000621a00000|100%| E|CS|TAMS 0x0000000621800000, 0x0000000621800000| Complete 
| 240|0x0000000621a00000, 0x0000000621c00000, 0x0000000621c00000|100%| E|CS|TAMS 0x0000000621a00000, 0x0000000621a00000| Complete 
| 241|0x0000000621c00000, 0x0000000621e00000, 0x0000000621e00000|100%| E|CS|TAMS 0x0000000621c00000, 0x0000000621c00000| Complete 
| 242|0x0000000621e00000, 0x0000000622000000, 0x0000000622000000|100%| E|CS|TAMS 0x0000000621e00000, 0x0000000621e00000| Complete 
| 243|0x0000000622000000, 0x0000000622200000, 0x0000000622200000|100%| E|CS|TAMS 0x0000000622000000, 0x0000000622000000| Complete 
| 244|0x0000000622200000, 0x0000000622400000, 0x0000000622400000|100%| E|CS|TAMS 0x0000000622200000, 0x0000000622200000| Complete 
| 245|0x0000000622400000, 0x0000000622600000, 0x0000000622600000|100%| E|CS|TAMS 0x0000000622400000, 0x0000000622400000| Complete 
| 246|0x0000000622600000, 0x0000000622800000, 0x0000000622800000|100%| E|CS|TAMS 0x0000000622600000, 0x0000000622600000| Complete 
| 247|0x0000000622800000, 0x0000000622a00000, 0x0000000622a00000|100%| E|CS|TAMS 0x0000000622800000, 0x0000000622800000| Complete 
| 248|0x0000000622a00000, 0x0000000622c00000, 0x0000000622c00000|100%| E|CS|TAMS 0x0000000622a00000, 0x0000000622a00000| Complete 
| 249|0x0000000622c00000, 0x0000000622e00000, 0x0000000622e00000|100%| E|CS|TAMS 0x0000000622c00000, 0x0000000622c00000| Complete 
| 250|0x0000000622e00000, 0x0000000622e6d420, 0x0000000623000000| 21%| S|CS|TAMS 0x0000000622e00000, 0x0000000622e00000| Complete 
| 251|0x0000000623000000, 0x0000000623200000, 0x0000000623200000|100%| S|CS|TAMS 0x0000000623000000, 0x0000000623000000| Complete 
| 252|0x0000000623200000, 0x0000000623400000, 0x0000000623400000|100%| S|CS|TAMS 0x0000000623200000, 0x0000000623200000| Complete 
| 253|0x0000000623400000, 0x0000000623600000, 0x0000000623600000|100%| S|CS|TAMS 0x0000000623400000, 0x0000000623400000| Complete 
| 254|0x0000000623600000, 0x0000000623800000, 0x0000000623800000|100%| E|CS|TAMS 0x0000000623600000, 0x0000000623600000| Complete 

Card table byte_map: [0x00000218f6d70000,0x00000218f7d60000] _byte_map_base: 0x00000218f3d53000

Marking Bits (Prev, Next): (CMBitMap*) 0x00000218dde7f3e8, (CMBitMap*) 0x00000218dde7f420
 Prev Bits: [0x0000021880000000, 0x0000021887f18000)
 Next Bits: [0x0000021887f20000, 0x000002188fe38000)

Polling page: 0x00000218dba70000

Metaspace:

Usage:
  Non-class:     36.36 MB capacity,    35.68 MB ( 98%) used,   563.45 KB (  2%) free+waste,   132.00 KB ( <1%) overhead. 
      Class:      5.22 MB capacity,     4.80 MB ( 92%) used,   363.44 KB (  7%) free+waste,    61.38 KB (  1%) overhead. 
       Both:     41.58 MB capacity,    40.49 MB ( 97%) used,   926.88 KB (  2%) free+waste,   193.38 KB ( <1%) overhead. 

Virtual space:
  Non-class space:       38.00 MB reserved,      36.42 MB ( 96%) committed 
      Class space:        1.00 GB reserved,       5.25 MB ( <1%) committed 
             Both:        1.04 GB reserved,      41.67 MB (  4%) committed 

Chunk freelists:
   Non-Class:  60.00 KB
       Class:  31.00 KB
        Both:  91.00 KB

MaxMetaspaceSize: 17179869184.00 GB
CompressedClassSpaceSize: 1.00 GB

CodeHeap 'non-profiled nmethods': size=119168Kb used=2270Kb max_used=2270Kb free=116898Kb
 bounds [0x00000218ee0a0000, 0x00000218ee310000, 0x00000218f5500000]
CodeHeap 'profiled nmethods': size=119168Kb used=9510Kb max_used=9510Kb free=109657Kb
 bounds [0x00000218e6c40000, 0x00000218e7590000, 0x00000218ee0a0000]
CodeHeap 'non-nmethods': size=7424Kb used=2938Kb max_used=2995Kb free=4485Kb
 bounds [0x00000218e6500000, 0x00000218e6800000, 0x00000218e6c40000]
 total_blobs=4510 nmethods=4035 adapters=389
 compilation: enabled
              stopped_count=0, restarted_count=0
 full_count=0

Compilation events (20 events):
Event: 3.432 Thread 0x00000218fd50c000 4000       3       sun.security.util.ObjectIdentifier::pack7Oid (84 bytes)
Event: 3.432 Thread 0x00000218fc8c4800 3999       3       sun.security.util.ObjectIdentifier::pack7Oid (42 bytes)
Event: 3.432 Thread 0x00000218fc8c4800 nmethod 3999 0x00000218e756ff90 code [0x00000218e7570140, 0x00000218e7570348]
Event: 3.433 Thread 0x00000218fc8c4800 4002       3       sun.security.util.ObjectIdentifier::checkOtherComponent (39 bytes)
Event: 3.433 Thread 0x00000218fd50c000 nmethod 4000 0x00000218e7570410 code [0x00000218e75705e0, 0x00000218e7570938]
Event: 3.433 Thread 0x00000218fd50c000 4003       3       sun.security.util.ObjectIdentifier::checkOidSize (51 bytes)
Event: 3.433 Thread 0x00000218fd50b800 nmethod 4001 0x00000218e7570b10 code [0x00000218e7570d00, 0x00000218e7571348]
Event: 3.433 Thread 0x00000218fc8c4800 nmethod 4002 0x00000218e7571690 code [0x00000218e7571920, 0x00000218e7572268]
Event: 3.433 Thread 0x00000218fd50c000 nmethod 4003 0x00000218e7572610 code [0x00000218e75728c0, 0x00000218e7573368]
Event: 3.434 Thread 0x000002189036e800 nmethod 3927 0x00000218ee2cad10 code [0x00000218ee2cb140, 0x00000218ee2d1898]
Event: 3.434 Thread 0x000002189036e800 4004  s    4       java.io.ByteArrayOutputStream::write (32 bytes)
Event: 3.438 Thread 0x000002189036e800 nmethod 4004 0x00000218ee2d4790 code [0x00000218ee2d4940, 0x00000218ee2d5038]
Event: 3.438 Thread 0x000002189036e800 3989       4       java.util.jar.Attributes$Name::hash (148 bytes)
Event: 3.441 Thread 0x000002189036e800 nmethod 3989 0x00000218ee2d5290 code [0x00000218ee2d5440, 0x00000218ee2d5888]
Event: 3.441 Thread 0x000002189036e800 3986       4       java.util.HashMap::<init> (98 bytes)
Event: 3.442 Thread 0x000002189036e800 nmethod 3986 0x00000218ee2d5b90 code [0x00000218ee2d5d20, 0x00000218ee2d5e78]
Event: 3.444 Thread 0x00000218fc973000 4005  s    3       java.io.ByteArrayInputStream::read (36 bytes)
Event: 3.444 Thread 0x00000218fc973000 nmethod 4005 0x00000218e7573790 code [0x00000218e7573940, 0x00000218e7573c58]
Event: 3.457 Thread 0x00000218fd50b800 4006  s    3       java.io.ByteArrayInputStream::read (73 bytes)
Event: 3.457 Thread 0x00000218fd50b800 nmethod 4006 0x00000218e7573d90 code [0x00000218e7573fa0, 0x00000218e7574678]

GC Heap History (10 events):
Event: 1.067 GC heap before
{Heap before GC invocations=0 (full 0):
 garbage-first heap   total 522240K, used 22528K [0x0000000603a00000, 0x0000000800000000)
  region size 2048K, 12 young (24576K), 0 survivors (0K)
 Metaspace       used 12756K, capacity 13040K, committed 13184K, reserved 1060864K
  class space    used 1248K, capacity 1354K, committed 1408K, reserved 1048576K
}
Event: 1.070 GC heap after
{Heap after GC invocations=1 (full 0):
 garbage-first heap   total 522240K, used 5237K [0x0000000603a00000, 0x0000000800000000)
  region size 2048K, 2 young (4096K), 2 survivors (4096K)
 Metaspace       used 12756K, capacity 13040K, committed 13184K, reserved 1060864K
  class space    used 1248K, capacity 1354K, committed 1408K, reserved 1048576K
}
Event: 1.563 GC heap before
{Heap before GC invocations=1 (full 0):
 garbage-first heap   total 522240K, used 35957K [0x0000000603a00000, 0x0000000800000000)
  region size 2048K, 18 young (36864K), 2 survivors (4096K)
 Metaspace       used 20739K, capacity 21166K, committed 21296K, reserved 1069056K
  class space    used 2207K, capacity 2368K, committed 2432K, reserved 1048576K
}
Event: 1.566 GC heap after
{Heap after GC invocations=2 (full 0):
 garbage-first heap   total 522240K, used 6884K [0x0000000603a00000, 0x0000000800000000)
  region size 2048K, 3 young (6144K), 3 survivors (6144K)
 Metaspace       used 20739K, capacity 21166K, committed 21296K, reserved 1069056K
  class space    used 2207K, capacity 2368K, committed 2432K, reserved 1048576K
}
Event: 1.874 GC heap before
{Heap before GC invocations=3 (full 0):
 garbage-first heap   total 522240K, used 45796K [0x0000000603a00000, 0x0000000800000000)
  region size 2048K, 22 young (45056K), 3 survivors (6144K)
 Metaspace       used 27839K, capacity 28414K, committed 28592K, reserved 1075200K
  class space    used 3240K, capacity 3477K, committed 3584K, reserved 1048576K
}
Event: 1.877 GC heap after
{Heap after GC invocations=4 (full 0):
 garbage-first heap   total 522240K, used 8658K [0x0000000603a00000, 0x0000000800000000)
  region size 2048K, 2 young (4096K), 2 survivors (4096K)
 Metaspace       used 27839K, capacity 28414K, committed 28592K, reserved 1075200K
  class space    used 3240K, capacity 3477K, committed 3584K, reserved 1048576K
}
Event: 2.630 GC heap before
{Heap before GC invocations=4 (full 0):
 garbage-first heap   total 522240K, used 70098K [0x0000000603a00000, 0x0000000800000000)
  region size 2048K, 32 young (65536K), 2 survivors (4096K)
 Metaspace       used 34705K, capacity 35547K, committed 35632K, reserved 1081344K
  class space    used 4106K, capacity 4434K, committed 4480K, reserved 1048576K
}
Event: 2.633 GC heap after
{Heap after GC invocations=5 (full 0):
 garbage-first heap   total 522240K, used 11599K [0x0000000603a00000, 0x0000000800000000)
  region size 2048K, 4 young (8192K), 4 survivors (8192K)
 Metaspace       used 34705K, capacity 35547K, committed 35632K, reserved 1081344K
  class space    used 4106K, capacity 4434K, committed 4480K, reserved 1048576K
}
Event: 2.660 GC heap before
{Heap before GC invocations=5 (full 0):
 garbage-first heap   total 522240K, used 11599K [0x0000000603a00000, 0x0000000800000000)
  region size 2048K, 5 young (10240K), 4 survivors (8192K)
 Metaspace       used 34948K, capacity 35790K, committed 35888K, reserved 1081344K
  class space    used 4136K, capacity 4449K, committed 4480K, reserved 1048576K
}
Event: 2.664 GC heap after
{Heap after GC invocations=6 (full 0):
 garbage-first heap   total 522240K, used 11780K [0x0000000603a00000, 0x0000000800000000)
  region size 2048K, 4 young (8192K), 4 survivors (8192K)
 Metaspace       used 34948K, capacity 35790K, committed 35888K, reserved 1081344K
  class space    used 4136K, capacity 4449K, committed 4480K, reserved 1048576K
}

Deoptimization events (20 events):
Event: 3.416 Thread 0x00000218dddf6000 DEOPT PACKING pc=0x00000218ee22c474 sp=0x000000d6f33fad60
Event: 3.416 Thread 0x00000218dddf6000 DEOPT UNPACKING pc=0x00000218e653c98e sp=0x000000d6f33fa1f0 mode 1
Event: 3.416 Thread 0x00000218dddf6000 DEOPT PACKING pc=0x00000218e6d792ac sp=0x000000d6f33fa140
Event: 3.416 Thread 0x00000218dddf6000 DEOPT UNPACKING pc=0x00000218e653c98e sp=0x000000d6f33f95d8 mode 1
Event: 3.416 Thread 0x00000218dddf6000 DEOPT PACKING pc=0x00000218e6d6f864 sp=0x000000d6f33fa210
Event: 3.416 Thread 0x00000218dddf6000 DEOPT UNPACKING pc=0x00000218e653c98e sp=0x000000d6f33f96c8 mode 1
Event: 3.416 Thread 0x00000218dddf6000 DEOPT PACKING pc=0x00000218ee22c474 sp=0x000000d6f33facb0
Event: 3.416 Thread 0x00000218dddf6000 DEOPT UNPACKING pc=0x00000218e653c98e sp=0x000000d6f33fa128 mode 1
Event: 3.416 Thread 0x00000218dddf6000 DEOPT PACKING pc=0x00000218e719d5c4 sp=0x000000d6f33facf0
Event: 3.416 Thread 0x00000218dddf6000 DEOPT UNPACKING pc=0x00000218e653c98e sp=0x000000d6f33fa288 mode 1
Event: 3.416 Thread 0x00000218dddf6000 DEOPT PACKING pc=0x00000218e6d792ac sp=0x000000d6f33fa1f0
Event: 3.416 Thread 0x00000218dddf6000 DEOPT UNPACKING pc=0x00000218e653c98e sp=0x000000d6f33f9688 mode 1
Event: 3.416 Thread 0x00000218dddf6000 DEOPT PACKING pc=0x00000218e6d6f864 sp=0x000000d6f33fa2c0
Event: 3.416 Thread 0x00000218dddf6000 DEOPT UNPACKING pc=0x00000218e653c98e sp=0x000000d6f33f9778 mode 1
Event: 3.416 Thread 0x00000218dddf6000 DEOPT PACKING pc=0x00000218ee22c474 sp=0x000000d6f33fad60
Event: 3.416 Thread 0x00000218dddf6000 DEOPT UNPACKING pc=0x00000218e653c98e sp=0x000000d6f33fa1f0 mode 1
Event: 3.417 Thread 0x00000218dddf6000 Uncommon trap: trap_request=0xffffff4d fr.pc=0x00000218ee1620b0 relative=0x0000000000000350
Event: 3.417 Thread 0x00000218dddf6000 Uncommon trap: reason=unstable_if action=reinterpret pc=0x00000218ee1620b0 method=java.util.jar.JarFile.maybeInstantiateVerifier()V @ 91 c2
Event: 3.417 Thread 0x00000218dddf6000 DEOPT PACKING pc=0x00000218ee1620b0 sp=0x000000d6f33f9b00
Event: 3.417 Thread 0x00000218dddf6000 DEOPT UNPACKING pc=0x00000218e65083af sp=0x000000d6f33f9aa8 mode 2

Classes redefined (0 events):
No events

Internal exceptions (20 events):
Event: 2.722 Thread 0x00000218dddf6000 Exception <a 'java/lang/ClassNotFoundException'{0x0000000622dc41c8}: org/springframework/transaction/annotation/AbstractTransactionManagementConfigurationCustomizer> (0x0000000622dc41c8) thrown at [./src/hotspot/share/classfile/systemDictionary.cpp, line 231]
Event: 2.722 Thread 0x00000218dddf6000 Exception <a 'java/lang/ClassNotFoundException'{0x0000000622dd3070}: org/springframework/transaction/annotation/ProxyTransactionManagementConfigurationCustomizer> (0x0000000622dd3070) thrown at [./src/hotspot/share/classfile/systemDictionary.cpp, line 231]
Event: 2.723 Thread 0x00000218dddf6000 Exception <a 'java/lang/ClassNotFoundException'{0x0000000622de0ff0}: org/springframework/context/annotation/ImportAwareCustomizer> (0x0000000622de0ff0) thrown at [./src/hotspot/share/classfile/systemDictionary.cpp, line 231]
Event: 2.723 Thread 0x00000218dddf6000 Exception <a 'java/lang/ClassNotFoundException'{0x0000000622deb0f8}: org/springframework/beans/factory/AwareCustomizer> (0x0000000622deb0f8) thrown at [./src/hotspot/share/classfile/systemDictionary.cpp, line 231]
Event: 2.838 Thread 0x00000218dddf6000 Exception <a 'java/lang/NoSuchMethodError'{0x00000006227f0d58}: 'void java.lang.invoke.DirectMethodHandle$Holder.invokeInterface(java.lang.Object, java.lang.Object, int)'> (0x00000006227f0d58) thrown at [./src/hotspot/share/interpreter/linkResolver.cpp, line 773]
Event: 2.840 Thread 0x00000218dddf6000 Exception <a 'java/lang/NoSuchMethodError'{0x00000006224092d8}: 'int java.lang.invoke.DirectMethodHandle$Holder.invokeVirtual(java.lang.Object, java.lang.Object)'> (0x00000006224092d8) thrown at [./src/hotspot/share/interpreter/linkResolver.cpp, line 773]
Event: 2.842 Thread 0x00000218dddf6000 Exception <a 'java/lang/IncompatibleClassChangeError'{0x000000062243eeb8}: Found class java.lang.Object, but interface was expected> (0x000000062243eeb8) thrown at [./src/hotspot/share/interpreter/linkResolver.cpp, line 839]
Event: 2.843 Thread 0x00000218dddf6000 Exception <a 'java/lang/NoSuchMethodError'{0x0000000622444030}: 'void java.lang.invoke.DirectMethodHandle$Holder.invokeStatic(java.lang.Object, int, java.lang.Object)'> (0x0000000622444030) thrown at [./src/hotspot/share/interpreter/linkResolver.cpp, line 773]
Event: 2.934 Thread 0x00000218dddf6000 Exception <a 'java/lang/NoSuchMethodError'{0x0000000622105848}: 'java.lang.Object java.lang.invoke.DirectMethodHandle$Holder.invokeStaticInit(java.lang.Object, int, int, int, int)'> (0x0000000622105848) thrown at [./src/hotspot/share/interpreter/linkResolver.cpp, line 773]
Event: 3.026 Thread 0x00000218dddf6000 Exception <a 'java/lang/NoSuchMethodError'{0x00000006221bf100}: 'java.lang.Object java.lang.invoke.DirectMethodHandle$Holder.invokeStaticInit(java.lang.Object, java.lang.Object, int, int, int, int)'> (0x00000006221bf100) thrown at [./src/hotspot/share/interpreter/linkResolver.cpp, line 773]
Event: 3.212 Thread 0x00000218dddf6000 Implicit null exception at 0x00000218ee15de3b to 0x00000218ee15f850
Event: 3.281 Thread 0x00000218dddf6000 Exception <a 'java/io/FileNotFoundException'{0x0000000620ecf9d0}> (0x0000000620ecf9d0) thrown at [./src/hotspot/share/prims/jni.cpp, line 615]
Event: 3.312 Thread 0x00000218dddf6000 Exception <a 'java/lang/NoSuchMethodError'{0x0000000620c5bad8}: 'int java.lang.invoke.DirectMethodHandle$Holder.invokeInterface(java.lang.Object, java.lang.Object, java.lang.Object, java.lang.Object)'> (0x0000000620c5bad8) thrown at [./src/hotspot/share/interpreter/linkResolver.cpp, line 773]
Event: 3.375 Thread 0x00000218dddf6000 Exception <a 'java/io/FileNotFoundException'{0x0000000620ba2970}> (0x0000000620ba2970) thrown at [./src/hotspot/share/prims/jni.cpp, line 615]
Event: 3.397 Thread 0x00000218dddf6000 Exception <a 'java/lang/ClassNotFoundException'{0x00000006209d9910}: java/lang/ObjectCustomizer> (0x00000006209d9910) thrown at [./src/hotspot/share/classfile/systemDictionary.cpp, line 231]
Event: 3.398 Thread 0x00000218dddf6000 Exception <a 'java/lang/ClassNotFoundException'{0x00000006209e6930}: org/springframework/dao/support/DaoSupportCustomizer> (0x00000006209e6930) thrown at [./src/hotspot/share/classfile/systemDictionary.cpp, line 231]
Event: 3.398 Thread 0x00000218dddf6000 Exception <a 'java/lang/ClassNotFoundException'{0x00000006209f2380}: org/mybatis/spring/support/SqlSessionDaoSupportCustomizer> (0x00000006209f2380) thrown at [./src/hotspot/share/classfile/systemDictionary.cpp, line 231]
Event: 3.398 Thread 0x00000218dddf6000 Exception <a 'java/lang/ClassNotFoundException'{0x0000000620600a90}: org/mybatis/spring/mapper/MapperFactoryBeanCustomizer> (0x0000000620600a90) thrown at [./src/hotspot/share/classfile/systemDictionary.cpp, line 231]
Event: 3.399 Thread 0x00000218dddf6000 Exception <a 'java/lang/ClassNotFoundException'{0x0000000620616f68}: org/springframework/beans/factory/FactoryBeanCustomizer> (0x0000000620616f68) thrown at [./src/hotspot/share/classfile/systemDictionary.cpp, line 231]
Event: 3.400 Thread 0x00000218dddf6000 Exception <a 'java/lang/ClassNotFoundException'{0x00000006206252c8}: org/springframework/beans/factory/InitializingBeanCustomizer> (0x00000006206252c8) thrown at [./src/hotspot/share/classfile/systemDictionary.cpp, line 231]

Events (20 events):
Event: 3.460 loading class sun/security/x509/KeyUsageExtension
Event: 3.461 loading class sun/security/x509/KeyUsageExtension done
Event: 3.461 loading class sun/security/x509/SubjectKeyIdentifierExtension
Event: 3.461 loading class sun/security/x509/SubjectKeyIdentifierExtension done
Event: 3.461 loading class sun/security/x509/KeyIdentifier
Event: 3.462 loading class sun/security/x509/KeyIdentifier done
Event: 3.462 loading class sun/security/x509/X509AttributeName
Event: 3.462 loading class sun/security/x509/X509AttributeName done
Event: 3.462 loading class sun/security/util/MemoryCache$SoftCacheEntry
Event: 3.462 loading class sun/security/util/MemoryCache$CacheEntry
Event: 3.462 loading class sun/security/util/MemoryCache$CacheEntry done
Event: 3.462 loading class sun/security/util/MemoryCache$SoftCacheEntry done
Event: 3.462 loading class jdk/internal/event/X509CertificateEvent
Event: 3.462 loading class jdk/internal/event/Event
Event: 3.462 loading class jdk/internal/event/Event done
Event: 3.462 loading class jdk/internal/event/X509CertificateEvent done
Event: 3.462 loading class jdk/internal/event/EventHelper
Event: 3.463 loading class jdk/internal/event/EventHelper done
Event: 3.463 loading class java/lang/invoke/VarHandleObjects$FieldStaticReadWrite
Event: 3.464 loading class java/lang/invoke/VarHandleObjects$FieldStaticReadOnly


Dynamic libraries:
0x00007ff744e80000 - 0x00007ff744e8d000 	C:\Program Files\AdoptOpenJDK\jdk-11.0.11.9-hotspot\bin\java.exe
0x00007ffd67b70000 - 0x00007ffd67d68000 	C:\WINDOWS\SYSTEM32\ntdll.dll
0x00007ffd670a0000 - 0x00007ffd6715f000 	C:\WINDOWS\System32\KERNEL32.DLL
0x00007ffd65610000 - 0x00007ffd658e2000 	C:\WINDOWS\System32\KERNELBASE.dll
0x00007ffd65270000 - 0x00007ffd65370000 	C:\WINDOWS\System32\ucrtbase.dll
0x00007ffd33360000 - 0x00007ffd33375000 	C:\Program Files\AdoptOpenJDK\jdk-11.0.11.9-hotspot\bin\VCRUNTIME140.dll
0x00007ffd33180000 - 0x00007ffd33197000 	C:\Program Files\AdoptOpenJDK\jdk-11.0.11.9-hotspot\bin\jli.dll
0x00007ffd67430000 - 0x00007ffd675cd000 	C:\WINDOWS\System32\USER32.dll
0x00007ffd65a50000 - 0x00007ffd65a72000 	C:\WINDOWS\System32\win32u.dll
0x00007ffd67050000 - 0x00007ffd6707b000 	C:\WINDOWS\System32\GDI32.dll
0x00007ffd65ab0000 - 0x00007ffd65bbf000 	C:\WINDOWS\System32\gdi32full.dll
0x00007ffd658f0000 - 0x00007ffd6598d000 	C:\WINDOWS\System32\msvcp_win.dll
0x00007ffd58480000 - 0x00007ffd5871a000 	C:\WINDOWS\WinSxS\amd64_microsoft.windows.common-controls_6595b64144ccf1df_6.0.19041.1110_none_60b5254171f9507e\COMCTL32.dll
0x00007ffd66930000 - 0x00007ffd669ce000 	C:\WINDOWS\System32\msvcrt.dll
0x00007ffd665c0000 - 0x00007ffd665f2000 	C:\WINDOWS\System32\IMM32.DLL
0x00007ffd23d90000 - 0x00007ffd23e2b000 	C:\Program Files\AdoptOpenJDK\jdk-11.0.11.9-hotspot\bin\msvcp140.dll
0x00007ffcf7930000 - 0x00007ffcf847b000 	C:\Program Files\AdoptOpenJDK\jdk-11.0.11.9-hotspot\bin\server\jvm.dll
0x00007ffd65bc0000 - 0x00007ffd65c6e000 	C:\WINDOWS\System32\ADVAPI32.dll
0x00007ffd66e20000 - 0x00007ffd66ebc000 	C:\WINDOWS\System32\sechost.dll
0x00007ffd66600000 - 0x00007ffd66725000 	C:\WINDOWS\System32\RPCRT4.dll
0x00007ffd66480000 - 0x00007ffd66488000 	C:\WINDOWS\System32\PSAPI.DLL
0x00007ffd4d000000 - 0x00007ffd4d009000 	C:\WINDOWS\SYSTEM32\WSOCK32.dll
0x00007ffd66790000 - 0x00007ffd667fb000 	C:\WINDOWS\System32\WS2_32.dll
0x00007ffd5df40000 - 0x00007ffd5df67000 	C:\WINDOWS\SYSTEM32\WINMM.dll
0x00007ffd5f440000 - 0x00007ffd5f44a000 	C:\WINDOWS\SYSTEM32\VERSION.dll
0x00007ffd63150000 - 0x00007ffd63162000 	C:\WINDOWS\SYSTEM32\kernel.appcore.dll
0x00007ffd36dd0000 - 0x00007ffd36de0000 	C:\Program Files\AdoptOpenJDK\jdk-11.0.11.9-hotspot\bin\verify.dll
0x00007ffd54420000 - 0x00007ffd54604000 	C:\WINDOWS\SYSTEM32\DBGHELP.DLL
0x00007ffd4dcd0000 - 0x00007ffd4dcfc000 	C:\WINDOWS\SYSTEM32\dbgcore.DLL
0x00007ffd65370000 - 0x00007ffd653f2000 	C:\WINDOWS\System32\bcryptPrimitives.dll
0x00007ffd30070000 - 0x00007ffd30098000 	C:\Program Files\AdoptOpenJDK\jdk-11.0.11.9-hotspot\bin\java.dll
0x00007ffd36cc0000 - 0x00007ffd36cca000 	C:\Program Files\AdoptOpenJDK\jdk-11.0.11.9-hotspot\bin\jimage.dll
0x00007ffd23b10000 - 0x00007ffd23b48000 	C:\Program Files\AdoptOpenJDK\jdk-11.0.11.9-hotspot\bin\jdwp.dll
0x00007ffd30050000 - 0x00007ffd30067000 	C:\Program Files\AdoptOpenJDK\jdk-11.0.11.9-hotspot\bin\zip.dll
0x00007ffd65cd0000 - 0x00007ffd66413000 	C:\WINDOWS\System32\SHELL32.dll
0x00007ffd63350000 - 0x00007ffd63ae2000 	C:\WINDOWS\SYSTEM32\windows.storage.dll
0x00007ffd669e0000 - 0x00007ffd66d34000 	C:\WINDOWS\System32\combase.dll
0x00007ffd64cd0000 - 0x00007ffd64d00000 	C:\WINDOWS\SYSTEM32\Wldp.dll
0x00007ffd66880000 - 0x00007ffd6692d000 	C:\WINDOWS\System32\SHCORE.dll
0x00007ffd66420000 - 0x00007ffd66475000 	C:\WINDOWS\System32\shlwapi.dll
0x00007ffd651b0000 - 0x00007ffd651cf000 	C:\WINDOWS\SYSTEM32\profapi.dll
0x00007ffd33b50000 - 0x00007ffd33b5a000 	C:\Program Files\AdoptOpenJDK\jdk-11.0.11.9-hotspot\bin\dt_socket.dll
0x00007ffd64a30000 - 0x00007ffd64a9a000 	C:\WINDOWS\System32\mswsock.dll
0x00007ffd64710000 - 0x00007ffd647da000 	C:\WINDOWS\SYSTEM32\DNSAPI.dll
0x00007ffd646d0000 - 0x00007ffd6470b000 	C:\WINDOWS\SYSTEM32\IPHLPAPI.DLL
0x00007ffd669d0000 - 0x00007ffd669d8000 	C:\WINDOWS\System32\NSI.dll
0x00007ffd5d780000 - 0x00007ffd5d800000 	C:\WINDOWS\System32\fwpuclnt.dll
0x00007ffd65a80000 - 0x00007ffd65aa7000 	C:\WINDOWS\System32\bcrypt.dll
0x00007ffd5e330000 - 0x00007ffd5e33a000 	C:\Windows\System32\rasadhlp.dll
0x00007ffd2c670000 - 0x00007ffd2c689000 	C:\Program Files\AdoptOpenJDK\jdk-11.0.11.9-hotspot\bin\net.dll
0x00007ffd5ef70000 - 0x00007ffd5f07c000 	C:\WINDOWS\SYSTEM32\WINHTTP.dll
0x00007ffd24f00000 - 0x00007ffd24f12000 	C:\Program Files\AdoptOpenJDK\jdk-11.0.11.9-hotspot\bin\nio.dll
0x00007ffd32ad0000 - 0x00007ffd32ad9000 	C:\Program Files\AdoptOpenJDK\jdk-11.0.11.9-hotspot\bin\management.dll
0x00007ffd327e0000 - 0x00007ffd327eb000 	C:\Program Files\AdoptOpenJDK\jdk-11.0.11.9-hotspot\bin\management_ext.dll
0x00007ffd2ff90000 - 0x00007ffd2ffa7000 	C:\WINDOWS\system32\napinsp.dll
0x00007ffd2ff70000 - 0x00007ffd2ff8b000 	C:\WINDOWS\system32\pnrpnsp.dll
0x00007ffd3ce20000 - 0x00007ffd3ce35000 	C:\WINDOWS\system32\wshbth.dll
0x00007ffd60af0000 - 0x00007ffd60b0d000 	C:\WINDOWS\system32\NLAapi.dll
0x00007ffd2ff50000 - 0x00007ffd2ff62000 	C:\WINDOWS\System32\winrnr.dll
0x00007ffd64c20000 - 0x00007ffd64c38000 	C:\WINDOWS\SYSTEM32\CRYPTSP.dll
0x00007ffd642e0000 - 0x00007ffd64314000 	C:\WINDOWS\system32\rsaenh.dll
0x00007ffd65170000 - 0x00007ffd6519e000 	C:\WINDOWS\SYSTEM32\USERENV.dll
0x00007ffd64c40000 - 0x00007ffd64c4c000 	C:\WINDOWS\SYSTEM32\CRYPTBASE.dll
0x00007ffd5f630000 - 0x00007ffd5f647000 	C:\WINDOWS\SYSTEM32\dhcpcsvc6.DLL
0x00007ffd5f610000 - 0x00007ffd5f62d000 	C:\WINDOWS\SYSTEM32\dhcpcsvc.DLL

dbghelp: loaded successfully - version: 4.0.5 - missing functions: none
symbol engine: initialized successfully - sym options: 0x614 - pdb path: .;C:\Program Files\AdoptOpenJDK\jdk-11.0.11.9-hotspot\bin;C:\WINDOWS\SYSTEM32;C:\WINDOWS\WinSxS\amd64_microsoft.windows.common-controls_6595b64144ccf1df_6.0.19041.1110_none_60b5254171f9507e;C:\Program Files\AdoptOpenJDK\jdk-11.0.11.9-hotspot\bin\server

VM Arguments:
jvm_args: -agentlib:jdwp=transport=dt_socket,server=n,suspend=y,address=localhost:52467 
java_command: com.cesco.api.cesnetapi.ScheduleApplication
java_class_path (initial): D:\sourcefolder\cesco-restaurant-api\cesco-api-templete\bin\main;C:\Users\user\.gradle\caches\modules-2\files-2.1\org.projectlombok\lombok\1.18.20\18bcea7d5df4d49227b4a0743a536208ce4825bb\lombok-1.18.20.jar;C:\Users\user\.gradle\caches\modules-2\files-2.1\org.mybatis.spring.boot\mybatis-spring-boot-starter\2.2.0\1543d9566e2acaa7230cd8996237a291603ac21f\mybatis-spring-boot-starter-2.2.0.jar;C:\Users\user\.gradle\caches\modules-2\files-2.1\com.microsoft.sqlserver\mssql-jdbc\8.4.1.jre11\826cae8133d6cd489febc679f693150d0b6aa84a\mssql-jdbc-8.4.1.jre11.jar;C:\Users\user\.gradle\caches\modules-2\files-2.1\org.springframework.boot\spring-boot-starter-web\2.5.2\9d68318f6607728e253030aa145e529bae9b0883\spring-boot-starter-web-2.5.2.jar;C:\Users\user\.gradle\caches\modules-2\files-2.1\org.springframework.boot\spring-boot-starter-data-jdbc\2.5.2\ff615de8c0b1d06e7d2ae3dffd5710688efd5049\spring-boot-starter-data-jdbc-2.5.2.jar;C:\Users\user\.gradle\caches\modules-2\files-2.1\org.springframework.boot\spring-boot-starter-validation\2.5.2\1c024ce841f5b44c5bad46a4bd427c539dcccaf4\spring-boot-starter-validation-2.5.2.jar;C:\Users\user\.gradle\caches\modules-2\files-2.1\com.googlecode.json-simple\json-simple\1.1.1\c9ad4a0850ab676c5c64461a05ca524cdfff59f1\json-simple-1.1.1.jar;C:\Users\user\.gradle\caches\modules-2\files-2.1\ch.qos.logback.contrib\logback-json-classic\0.1.5\f7fd4e747a9b0c50fc4f71b0055d5bea64dc05c3\logback-json-classic-0.1.5.jar;C:\Users\user\.gradle\caches\modules-2\files-2.1\ch.qos.logback.contrib\logback-jackson\0.1.5\e8b202a23691048a01e6322dd040f75e08e9ca2\logback-jackson-0.1.5.jar;C:\Users\user\.gradle\caches\modules-2\files-2.1\org.apache.httpcomponents\httpclient\4.5.13\e5f6cae5ca7ecaac1ec2827a9e2d65ae2869cada\httpclient-4.5.13.jar;C:\Users\user\.gradle\caches\modules-2\files-2.1\org.springframework.boot\spring-boot-starter-jdbc\2.5.2\de9142ad6a67d2ec7d58465ab8d2fcf759f24d25\spring-boot-starter-jdbc-2.5.2.jar;C:\Users\user\.gradle\cach
Launcher Type: SUN_STANDARD

[Global flags]
     intx CICompilerCount                          = 12                                        {product} {ergonomic}
     uint ConcGCThreads                            = 3                                         {product} {ergonomic}
     uint G1ConcRefinementThreads                  = 13                                        {product} {ergonomic}
   size_t G1HeapRegionSize                         = 2097152                                   {product} {ergonomic}
    uintx GCDrainStackTargetSize                   = 64                                        {product} {ergonomic}
   size_t InitialHeapSize                          = 534773760                                 {product} {ergonomic}
   size_t MarkStackSize                            = 4194304                                   {product} {ergonomic}
   size_t MaxHeapSize                              = 8529117184                                {product} {ergonomic}
   size_t MaxNewSize                               = 5117050880                                {product} {ergonomic}
   size_t MinHeapDeltaBytes                        = 2097152                                   {product} {ergonomic}
    uintx NonNMethodCodeHeapSize                   = 7594288                                {pd product} {ergonomic}
    uintx NonProfiledCodeHeapSize                  = 122031976                              {pd product} {ergonomic}
    uintx ProfiledCodeHeapSize                     = 122031976                              {pd product} {ergonomic}
    uintx ReservedCodeCacheSize                    = 251658240                              {pd product} {ergonomic}
     bool SegmentedCodeCache                       = true                                      {product} {ergonomic}
     bool UseCompressedClassPointers               = true                                 {lp64_product} {ergonomic}
     bool UseCompressedOops                        = true                                 {lp64_product} {ergonomic}
     bool UseG1GC                                  = true                                      {product} {ergonomic}
     bool UseLargePagesIndividualAllocation        = false                                  {pd product} {ergonomic}

Logging:
Log output configuration:
 #0: stdout all=warning uptime,level,tags
 #1: stderr all=off uptime,level,tags

Environment Variables:
PATH=C:\Program Files\Common Files\Oracle\Java\javapath;C:\Program Files (x86)\Common Files\Oracle\Java\javapath;C:\Program Files\AdoptOpenJDK\jdk-11.0.11.9-hotspot\bin;C:\WINDOWS\system32;C:\WINDOWS;C:\WINDOWS\System32\Wbem;C:\WINDOWS\System32\WindowsPowerShell\v1.0\;C:\WINDOWS\System32\OpenSSH\;C:\Program Files (x86)\Microsoft SQL Server\150\DTS\Binn\;C:\Program Files\Azure Data Studio\bin;C:\Program Files\dotnet\;C:\Program Files\Microsoft SQL Server\130\Tools\Binn\;C:\Program Files\Git\cmd;C:\Program Files\Bandizip\;C:\Program Files (x86)\NVIDIA Corporation\PhysX\Common;C:\Program Files\NVIDIA Corporation\NVIDIA NvDLISR;C:\Users\user\AppData\Local\Microsoft\WindowsApps;C:\Program Files\Azure Data Studio\bin;C:\Users\user\.dotnet\tools;C:\Users\user\AppData\Local\Programs\Microsoft VS Code\bin;C:\Users\user\AppData\Local\GitHubDesktop\bin
USERNAME=user
LANG=ko_KR.UTF-8
OS=Windows_NT
PROCESSOR_IDENTIFIER=Intel64 Family 6 Model 167 Stepping 1, GenuineIntel



---------------  S Y S T E M  ---------------

OS: Windows 10 , 64 bit Build 19041 (10.0.19041.2251)
OS uptime: 13 days 12:39 hours

CPU:total 16 (initial active 16) (8 cores per cpu, 2 threads per core) family 6 model 167 stepping 1 microcode 0x50, cmov, cx8, fxsr, mmx, sse, sse2, sse3, ssse3, sse4.1, sse4.2, popcnt, avx, avx2, aes, clmul, erms, 3dnowpref, lzcnt, ht, tsc, tscinvbit, bmi1, bmi2, adx, evex, sha, fma

Memory: 4k page, system-wide physical 32533M (11779M free)
TotalPageFile size 62265M (AvailPageFile size 20M)
current process WorkingSet (physical memory assigned to process): 255M, peak: 255M
current process commit charge ("private bytes"): 741M, peak: 741M

vm_info: OpenJDK 64-Bit Server VM (11.0.11+9) for windows-amd64 JRE (11.0.11+9), built on Apr 20 2021 21:22:09 by "" with MS VC++ 15.9 (VS2017)

END.
